<?xml version="1.0" encoding="UTF-8"?>
<!-- Generated by org.testng.reporters.JUnitXMLReporter -->
<testsuite ignored="0" hostname="MAVBCP2226" failures="0" tests="3" name="Default test" time="0.085" errors="0" timestamp="2021-12-03T20:14:10 IST">
  <testcase classname="com.testng.parallel.ParallelClass01" name="test01" time="0.013"/>
  <testcase classname="com.testng.parallel.ParallelClass01" name="test02" time="0.002"/>
  <testcase classname="com.testng.parallel.ParallelClass01" name="test03" time="0.002"/>
</testsuite> <!-- Default test -->
