<?xml version="1.0" encoding="UTF-8"?>
<!-- Generated by org.testng.reporters.JUnitXMLReporter -->
<testsuite ignored="0" hostname="MAVBCP2226" failures="0" tests="5" name="Default test" time="0.206" errors="0" timestamp="2021-12-03T22:39:37 IST">
  <testcase classname="com.testng.annotation.BeforeMethodAnnotations" name="FirstTestCase" time="0.012"/>
  <testcase classname="com.testng.annotation.BeforeMethodAnnotations" name="SecondTestCase" time="0.004"/>
  <testcase classname="com.testng.annotation.BeforeMethodAnnotations" name="ThirdTestCase" time="0.004"/>
  <testcase classname="com.testng.annotation.BeforeMethodAnnotations" name="FourthTestCase" time="0.005"/>
  <testcase classname="com.testng.annotation.BeforeMethodAnnotations" name="FifthTestCase" time="0.003"/>
</testsuite> <!-- Default test -->
