<?xml version="1.0" encoding="UTF-8"?>
<!-- Generated by org.testng.reporters.JUnitXMLReporter -->
<testsuite ignored="4" hostname="MAVBCP2226" failures="0" tests="3" name="GroupingTests" time="0.53" errors="0" timestamp="2021-12-03T11:45:47 IST">
  <testcase classname="com.testng.grouping.GroupingTestCases" name="Test2" time="0.075"/>
  <testcase classname="com.testng.grouping.GroupingTestCases" name="Test3" time="0.005"/>
  <testcase classname="com.testng.grouping.GroupingTestCases" name="Test5" time="0.021"/>
  <testcase classname="com.testng.grouping.GroupingTestCases" name="Test1" time="0.0">
    <ignored/>
  </testcase> <!-- Test1 -->
  <testcase classname="com.testng.grouping.GroupingTestCases" name="Test6" time="0.0">
    <ignored/>
  </testcase> <!-- Test6 -->
  <testcase classname="com.testng.grouping.GroupingTestCases" name="Test7" time="0.0">
    <ignored/>
  </testcase> <!-- Test7 -->
  <testcase classname="com.testng.grouping.GroupingTestCases" name="Test4" time="0.0">
    <ignored/>
  </testcase> <!-- Test4 -->
</testsuite> <!-- GroupingTests -->
