<?xml version="1.0" encoding="UTF-8"?>
<!-- Generated by org.testng.reporters.JUnitXMLReporter -->
<testsuite ignored="0" hostname="MAVBCP2226" failures="0" tests="5" name="Test" time="0.18" errors="0" timestamp="2021-12-03T21:31:40 IST">
  <testcase classname="com.testng.annotation.BeforeMethodAnnotations" name="FirstTestCase" time="0.014"/>
  <testcase classname="com.testng.annotation.BeforeMethodAnnotations" name="SecondTestCase" time="0.004"/>
  <testcase classname="com.testng.annotation.BeforeMethodAnnotations" name="ThirdTestCase" time="0.003"/>
  <testcase classname="com.testng.annotation.BeforeMethodAnnotations" name="FourthTestCase" time="0.002"/>
  <testcase classname="com.testng.annotation.BeforeMethodAnnotations" name="FifthTestCase" time="0.002"/>
</testsuite> <!-- Test -->
