<?xml version="1.0" encoding="UTF-8"?>
<testng-results ignored="0" total="3" passed="3" failed="0" skipped="0">
  <reporter-output>
  </reporter-output>
  <suite started-at="2021-12-03T20:16:15 IST" name="Suite" finished-at="2021-12-03T20:16:15 IST" duration-ms="78">
    <groups>
    </groups>
    <test started-at="2021-12-03T20:16:15 IST" name="Test" finished-at="2021-12-03T20:16:15 IST" duration-ms="78">
      <class name="com.testng.parallel.ParallelClass01">
        <test-method signature="test01()[pri:0, instance:com.testng.parallel.ParallelClass01@73ee04c8]" started-at="2021-12-03T20:16:15 IST" name="test01" finished-at="2021-12-03T20:16:15 IST" duration-ms="12" status="PASS">
          <reporter-output>
          </reporter-output>
        </test-method> <!-- test01 -->
        <test-method signature="test02()[pri:0, instance:com.testng.parallel.ParallelClass01@73ee04c8]" started-at="2021-12-03T20:16:15 IST" name="test02" finished-at="2021-12-03T20:16:15 IST" duration-ms="12" status="PASS">
          <reporter-output>
          </reporter-output>
        </test-method> <!-- test02 -->
        <test-method signature="test03()[pri:0, instance:com.testng.parallel.ParallelClass01@73ee04c8]" started-at="2021-12-03T20:16:15 IST" name="test03" finished-at="2021-12-03T20:16:15 IST" duration-ms="12" status="PASS">
          <reporter-output>
          </reporter-output>
        </test-method> <!-- test03 -->
      </class> <!-- com.testng.parallel.ParallelClass01 -->
    </test> <!-- Test -->
  </suite> <!-- Suite -->
</testng-results>
