<?xml version="1.0" encoding="UTF-8"?>
<testng-results ignored="0" total="5" passed="5" failed="0" skipped="0">
  <reporter-output>
  </reporter-output>
  <suite started-at="2021-12-03T21:31:40 IST" name="Suite" finished-at="2021-12-03T21:31:40 IST" duration-ms="180">
    <groups>
    </groups>
    <test started-at="2021-12-03T21:31:40 IST" name="Test" finished-at="2021-12-03T21:31:40 IST" duration-ms="180">
      <class name="com.testng.annotation.BeforeMethodAnnotations">
        <test-method is-config="true" signature="RunBeforeSuite()[pri:0, instance:com.testng.annotation.BeforeMethodAnnotations@7ea9e1e2]" started-at="2021-12-03T21:31:40 IST" name="RunBeforeSuite" finished-at="2021-12-03T21:31:40 IST" duration-ms="14" status="PASS">
          <reporter-output>
          </reporter-output>
        </test-method> <!-- RunBeforeSuite -->
        <test-method is-config="true" signature="RunBeforeTest()[pri:0, instance:com.testng.annotation.BeforeMethodAnnotations@7ea9e1e2]" started-at="2021-12-03T21:31:40 IST" name="RunBeforeTest" finished-at="2021-12-03T21:31:40 IST" duration-ms="1" status="PASS">
          <reporter-output>
          </reporter-output>
        </test-method> <!-- RunBeforeTest -->
        <test-method is-config="true" signature="RunBeforeClass()[pri:0, instance:com.testng.annotation.BeforeMethodAnnotations@7ea9e1e2]" started-at="2021-12-03T21:31:40 IST" name="RunBeforeClass" finished-at="2021-12-03T21:31:40 IST" duration-ms="3" status="PASS">
          <reporter-output>
          </reporter-output>
        </test-method> <!-- RunBeforeClass -->
        <test-method is-config="true" signature="RunBeforeMethod()[pri:0, instance:com.testng.annotation.BeforeMethodAnnotations@7ea9e1e2]" started-at="2021-12-03T21:31:40 IST" name="RunBeforeMethod" finished-at="2021-12-03T21:31:40 IST" duration-ms="1" status="PASS">
          <reporter-output>
          </reporter-output>
        </test-method> <!-- RunBeforeMethod -->
        <test-method signature="FirstTestCase()[pri:1, instance:com.testng.annotation.BeforeMethodAnnotations@7ea9e1e2]" started-at="2021-12-03T21:31:40 IST" name="FirstTestCase" description="Run First" finished-at="2021-12-03T21:31:40 IST" duration-ms="14" status="PASS">
          <reporter-output>
          </reporter-output>
        </test-method> <!-- FirstTestCase -->
        <test-method is-config="true" signature="RunAfterMethod()[pri:0, instance:com.testng.annotation.BeforeMethodAnnotations@7ea9e1e2]" started-at="2021-12-03T21:31:40 IST" name="RunAfterMethod" finished-at="2021-12-03T21:31:40 IST" duration-ms="0" status="PASS">
          <reporter-output>
          </reporter-output>
        </test-method> <!-- RunAfterMethod -->
        <test-method is-config="true" signature="RunBeforeMethod()[pri:0, instance:com.testng.annotation.BeforeMethodAnnotations@7ea9e1e2]" started-at="2021-12-03T21:31:40 IST" name="RunBeforeMethod" finished-at="2021-12-03T21:31:40 IST" duration-ms="0" status="PASS">
          <reporter-output>
          </reporter-output>
        </test-method> <!-- RunBeforeMethod -->
        <test-method signature="SecondTestCase()[pri:2, instance:com.testng.annotation.BeforeMethodAnnotations@7ea9e1e2]" started-at="2021-12-03T21:31:40 IST" name="SecondTestCase" description="Run Second" finished-at="2021-12-03T21:31:40 IST" duration-ms="4" status="PASS">
          <reporter-output>
          </reporter-output>
        </test-method> <!-- SecondTestCase -->
        <test-method is-config="true" signature="RunAfterMethod()[pri:0, instance:com.testng.annotation.BeforeMethodAnnotations@7ea9e1e2]" started-at="2021-12-03T21:31:40 IST" name="RunAfterMethod" finished-at="2021-12-03T21:31:40 IST" duration-ms="4" status="PASS">
          <reporter-output>
          </reporter-output>
        </test-method> <!-- RunAfterMethod -->
        <test-method signature="ThirdTestCase()[pri:3, instance:com.testng.annotation.BeforeMethodAnnotations@7ea9e1e2]" started-at="2021-12-03T21:31:40 IST" name="ThirdTestCase" description="Run Third" finished-at="2021-12-03T21:31:40 IST" duration-ms="3" status="PASS">
          <reporter-output>
          </reporter-output>
        </test-method> <!-- ThirdTestCase -->
        <test-method is-config="true" signature="RunBeforeMethod()[pri:0, instance:com.testng.annotation.BeforeMethodAnnotations@7ea9e1e2]" started-at="2021-12-03T21:31:40 IST" name="RunBeforeMethod" finished-at="2021-12-03T21:31:40 IST" duration-ms="0" status="PASS">
          <reporter-output>
          </reporter-output>
        </test-method> <!-- RunBeforeMethod -->
        <test-method is-config="true" signature="RunAfterMethod()[pri:0, instance:com.testng.annotation.BeforeMethodAnnotations@7ea9e1e2]" started-at="2021-12-03T21:31:40 IST" name="RunAfterMethod" finished-at="2021-12-03T21:31:40 IST" duration-ms="1" status="PASS">
          <reporter-output>
          </reporter-output>
        </test-method> <!-- RunAfterMethod -->
        <test-method is-config="true" signature="RunBeforeMethod()[pri:0, instance:com.testng.annotation.BeforeMethodAnnotations@7ea9e1e2]" started-at="2021-12-03T21:31:40 IST" name="RunBeforeMethod" finished-at="2021-12-03T21:31:40 IST" duration-ms="2" status="PASS">
          <reporter-output>
          </reporter-output>
        </test-method> <!-- RunBeforeMethod -->
        <test-method signature="FourthTestCase()[pri:4, instance:com.testng.annotation.BeforeMethodAnnotations@7ea9e1e2]" started-at="2021-12-03T21:31:40 IST" name="FourthTestCase" description="Run Fourth" finished-at="2021-12-03T21:31:40 IST" duration-ms="2" status="PASS">
          <reporter-output>
          </reporter-output>
        </test-method> <!-- FourthTestCase -->
        <test-method is-config="true" signature="RunAfterMethod()[pri:0, instance:com.testng.annotation.BeforeMethodAnnotations@7ea9e1e2]" started-at="2021-12-03T21:31:40 IST" name="RunAfterMethod" finished-at="2021-12-03T21:31:40 IST" duration-ms="0" status="PASS">
          <reporter-output>
          </reporter-output>
        </test-method> <!-- RunAfterMethod -->
        <test-method is-config="true" signature="RunBeforeMethod()[pri:0, instance:com.testng.annotation.BeforeMethodAnnotations@7ea9e1e2]" started-at="2021-12-03T21:31:40 IST" name="RunBeforeMethod" finished-at="2021-12-03T21:31:40 IST" duration-ms="1" status="PASS">
          <reporter-output>
          </reporter-output>
        </test-method> <!-- RunBeforeMethod -->
        <test-method signature="FifthTestCase()[pri:5, instance:com.testng.annotation.BeforeMethodAnnotations@7ea9e1e2]" started-at="2021-12-03T21:31:40 IST" name="FifthTestCase" description="Run Fifth" finished-at="2021-12-03T21:31:40 IST" duration-ms="2" status="PASS">
          <reporter-output>
          </reporter-output>
        </test-method> <!-- FifthTestCase -->
        <test-method is-config="true" signature="RunAfterMethod()[pri:0, instance:com.testng.annotation.BeforeMethodAnnotations@7ea9e1e2]" started-at="2021-12-03T21:31:40 IST" name="RunAfterMethod" finished-at="2021-12-03T21:31:40 IST" duration-ms="0" status="PASS">
          <reporter-output>
          </reporter-output>
        </test-method> <!-- RunAfterMethod -->
        <test-method is-config="true" signature="RunAfterClass()[pri:0, instance:com.testng.annotation.BeforeMethodAnnotations@7ea9e1e2]" started-at="2021-12-03T21:31:40 IST" name="RunAfterClass" finished-at="2021-12-03T21:31:40 IST" duration-ms="1" status="PASS">
          <reporter-output>
          </reporter-output>
        </test-method> <!-- RunAfterClass -->
        <test-method is-config="true" signature="RunAfterTest()[pri:0, instance:com.testng.annotation.BeforeMethodAnnotations@7ea9e1e2]" started-at="2021-12-03T21:31:40 IST" name="RunAfterTest" finished-at="2021-12-03T21:31:40 IST" duration-ms="1" status="PASS">
          <reporter-output>
          </reporter-output>
        </test-method> <!-- RunAfterTest -->
        <test-method is-config="true" signature="RunAfterSuite()[pri:0, instance:com.testng.annotation.BeforeMethodAnnotations@7ea9e1e2]" started-at="2021-12-03T21:31:40 IST" name="RunAfterSuite" finished-at="2021-12-03T21:31:40 IST" duration-ms="1" status="PASS">
          <reporter-output>
          </reporter-output>
        </test-method> <!-- RunAfterSuite -->
      </class> <!-- com.testng.annotation.BeforeMethodAnnotations -->
    </test> <!-- Test -->
  </suite> <!-- Suite -->
</testng-results>
